Using pre-set license
Built from '2021.1/staging' branch; Version is '2021.1.2f1 (e5d502d80fbb) revision 15062274'; Using compiler version '192528614'; Build Type 'Release'
OS: 'Windows 10 Home Single Language; OS build 19042.1052; Version 2009; 64bit' Language: 'pt' Physical Memory: 12154 MB
BatchMode: 1, IsHumanControllingUs: 0, StartBugReporterOnCrash: 0, Is64bit: 1, IsPro: 0

 COMMAND LINE ARGUMENTS:
C:\Program Files\Unity\2021.1.2f1\Editor\Unity.exe
-adb2
-batchMode
-noUpm
-name
AssetImportWorker5
-projectPath
C:/Users/marcu/Desktop/Unity/MeuGame
-logFile
Logs/AssetImportWorker5.log
-srvPort
60881
Successfully changed project path to: C:/Users/marcu/Desktop/Unity/MeuGame
C:/Users/marcu/Desktop/Unity/MeuGame
Using Asset Import Pipeline V2.
Refreshing native plugins compatible for Editor in 498.25 ms, found 1 plugins.
Preloading 0 native plugins for Editor in 0.00 ms.
Initialize engine version: 2021.1.2f1 (e5d502d80fbb)
[Subsystems] Discovering subsystems at path C:/Program Files/Unity/2021.1.2f1/Editor/Data/Resources/UnitySubsystems
[Subsystems] Discovering subsystems at path C:/Users/marcu/Desktop/Unity/MeuGame/Assets
GfxDevice: creating device client; threaded=0; jobified=0
Direct3D:
    Version:  Direct3D 11.0 [level 11.1]
    Renderer: Intel(R) HD Graphics 520 (ID=0x1916)
    Vendor:   Intel
    VRAM:     6077 MB
    Driver:   23.20.16.4973
Initialize mono
Mono path[0] = 'C:/Program Files/Unity/2021.1.2f1/Editor/Data/Managed'
Mono path[1] = 'C:/Program Files/Unity/2021.1.2f1/Editor/Data/MonoBleedingEdge/lib/mono/unityjit'
Mono config path = 'C:/Program Files/Unity/2021.1.2f1/Editor/Data/MonoBleedingEdge/etc'
Using monoOptions --debugger-agent=transport=dt_socket,embedding=1,server=y,suspend=n,address=127.0.0.1:56704
Begin MonoManager ReloadAssembly
Registering precompiled unity dll's ...
Register platform support module: C:/Program Files/Unity/2021.1.2f1/Editor/Data/PlaybackEngines/WebGLSupport/UnityEditor.WebGL.Extensions.dll
Register platform support module: C:/Program Files/Unity/2021.1.2f1/Editor/Data/PlaybackEngines/WindowsStandaloneSupport/UnityEditor.WindowsStandalone.Extensions.dll
Registered in 0.008595 seconds.
Native extension for WindowsStandalone target not found
Native extension for WebGL target not found
Refreshing native plugins compatible for Editor in 326.76 ms, found 1 plugins.
Preloading 0 native plugins for Editor in 0.00 ms.
Mono: successfully reloaded assembly
- Completed reload, in  8.166 seconds
Platform modules already initialized, skipping
Registering precompiled user dll's ...
Registered in 0.020303 seconds.
Begin MonoManager ReloadAssembly
Native extension for WindowsStandalone target not found
Native extension for WebGL target not found
Refreshing native plugins compatible for Editor in 1.26 ms, found 1 plugins.
Preloading 0 native plugins for Editor in 0.00 ms.
Mono: successfully reloaded assembly
- Completed reload, in  8.173 seconds
Platform modules already initialized, skipping
========================================================================
Worker process is ready to serve import requests
Launched and connected shader compiler UnityShaderCompiler.exe after 0.49 seconds
Refreshing native plugins compatible for Editor in 2.76 ms, found 1 plugins.
Preloading 0 native plugins for Editor in 0.00 ms.
Unloading 3208 Unused Serialized files (Serialized files now loaded: 0)
System memory in use before: 123.8 MB.
System memory in use after: 124.0 MB.

Unloading 39 unused Assets to reduce memory usage. Loaded Objects now: 3641.
Total: 12.116400 ms (FindLiveObjects: 1.053400 ms CreateObjectMapping: 0.834200 ms MarkObjects: 10.019500 ms  DeleteObjects: 0.207100 ms)

========================================================================
Received Import Request.
  path: Assets/Sounds/menu.mp3
  artifactKey: Guid(1f4d871bdbeadf24e915e25327631997) Importer(815301076,1909f56bfc062723c751e8b465ee728b)
Start importing Assets/Sounds/menu.mp3 using Guid(1f4d871bdbeadf24e915e25327631997) Importer(815301076,1909f56bfc062723c751e8b465ee728b)  -> (artifact id: '171a84372aa3449ac95fbc46e49a1873') in 1.031910 seconds 
========================================================================
Received Prepare
Registering precompiled user dll's ...
Registered in 0.010047 seconds.
Begin MonoManager ReloadAssembly
Native extension for WindowsStandalone target not found
Native extension for WebGL target not found
Refreshing native plugins compatible for Editor in 1.80 ms, found 1 plugins.
Preloading 0 native plugins for Editor in 0.00 ms.
Mono: successfully reloaded assembly
- Completed reload, in  3.051 seconds
Platform modules already initialized, skipping
Switching build target platform(19) subTarget(0) extendedPlatform(0) -> platform(13) subTarget(537395200) extendedPlatform(0)
Refreshing native plugins compatible for Editor in 1.76 ms, found 1 plugins.
Preloading 0 native plugins for Editor in 0.00 ms.
Unloading 3204 Unused Serialized files (Serialized files now loaded: 0)
System memory in use before: 127.1 MB.
System memory in use after: 127.3 MB.

Unloading 34 unused Assets to reduce memory usage. Loaded Objects now: 3653.
Total: 4.524300 ms (FindLiveObjects: 0.574000 ms CreateObjectMapping: 0.318300 ms MarkObjects: 3.504000 ms  DeleteObjects: 0.125200 ms)

AssetImportParameters requested are different than current active one (requested -> active):
  custom:graphics/normal-map-encoding: 01000000000000000000000000000000 -> 02000000000000000000000000000000
========================================================================
Received Import Request.
  Time since last request: 584.535220 seconds.
  path: Assets/Sounds/fase1.mp3
  artifactKey: Guid(823aae65877241948be3cb233e3314e3) Importer(815301076,1909f56bfc062723c751e8b465ee728b)
Start importing Assets/Sounds/fase1.mp3 using Guid(823aae65877241948be3cb233e3314e3) Importer(815301076,1909f56bfc062723c751e8b465ee728b)  -> (artifact id: '6ae673ba483c7e2a18bd981d258e2b83') in 0.202220 seconds 
========================================================================
Received Prepare
Registering precompiled user dll's ...
Registered in 0.015417 seconds.
Begin MonoManager ReloadAssembly
Native extension for WindowsStandalone target not found
Native extension for WebGL target not found
Refreshing native plugins compatible for Editor in 1.93 ms, found 1 plugins.
Preloading 0 native plugins for Editor in 0.00 ms.
Mono: successfully reloaded assembly
- Completed reload, in  6.017 seconds
Platform modules already initialized, skipping
Switching build target platform(19) subTarget(0) extendedPlatform(0) -> platform(13) subTarget(537395200) extendedPlatform(0)
Refreshing native plugins compatible for Editor in 1.60 ms, found 1 plugins.
Preloading 0 native plugins for Editor in 0.00 ms.
Unloading 3204 Unused Serialized files (Serialized files now loaded: 0)
System memory in use before: 127.2 MB.
System memory in use after: 127.4 MB.

Unloading 34 unused Assets to reduce memory usage. Loaded Objects now: 3657.
Total: 7.147200 ms (FindLiveObjects: 0.697100 ms CreateObjectMapping: 0.466600 ms MarkObjects: 5.835300 ms  DeleteObjects: 0.145000 ms)

AssetImportParameters requested are different than current active one (requested -> active):
  custom:graphics/normal-map-encoding: 01000000000000000000000000000000 -> 02000000000000000000000000000000
========================================================================
Received Import Request.
  Time since last request: 57.417130 seconds.
  path: Assets/Sounds/fase1.mp3
  artifactKey: Guid(823aae65877241948be3cb233e3314e3) Importer(815301076,1909f56bfc062723c751e8b465ee728b)
Start importing Assets/Sounds/fase1.mp3 using Guid(823aae65877241948be3cb233e3314e3) Importer(815301076,1909f56bfc062723c751e8b465ee728b)  -> (artifact id: 'c5437c046192b54545c3851f4d29c38c') in 0.135092 seconds 
========================================================================
Received Prepare
Registering precompiled user dll's ...
Registered in 0.011015 seconds.
Begin MonoManager ReloadAssembly
Native extension for WindowsStandalone target not found
Native extension for WebGL target not found
Refreshing native plugins compatible for Editor in 1.14 ms, found 1 plugins.
Preloading 0 native plugins for Editor in 0.00 ms.
Mono: successfully reloaded assembly
- Completed reload, in  2.993 seconds
Platform modules already initialized, skipping
Switching build target platform(19) subTarget(0) extendedPlatform(0) -> platform(13) subTarget(537395200) extendedPlatform(0)
Refreshing native plugins compatible for Editor in 1.45 ms, found 1 plugins.
Preloading 0 native plugins for Editor in 0.00 ms.
Unloading 3204 Unused Serialized files (Serialized files now loaded: 0)
System memory in use before: 127.2 MB.
System memory in use after: 127.4 MB.

Unloading 34 unused Assets to reduce memory usage. Loaded Objects now: 3661.
Total: 4.509700 ms (FindLiveObjects: 0.379300 ms CreateObjectMapping: 0.345800 ms MarkObjects: 3.691300 ms  DeleteObjects: 0.090800 ms)

AssetImportParameters requested are different than current active one (requested -> active):
  custom:graphics/normal-map-encoding: 01000000000000000000000000000000 -> 02000000000000000000000000000000
========================================================================
Received Prepare
Registering precompiled user dll's ...
Registered in 0.018648 seconds.
Begin MonoManager ReloadAssembly
Native extension for WindowsStandalone target not found
Native extension for WebGL target not found
Refreshing native plugins compatible for Editor in 2.27 ms, found 1 plugins.
Preloading 0 native plugins for Editor in 0.00 ms.
Mono: successfully reloaded assembly
- Completed reload, in  8.598 seconds
Platform modules already initialized, skipping
Switching build target platform(19) subTarget(0) extendedPlatform(0) -> platform(13) subTarget(537395200) extendedPlatform(0)
Refreshing native plugins compatible for Editor in 2.12 ms, found 1 plugins.
Preloading 0 native plugins for Editor in 0.00 ms.
Unloading 3204 Unused Serialized files (Serialized files now loaded: 0)
System memory in use before: 127.2 MB.
System memory in use after: 127.4 MB.

Unloading 34 unused Assets to reduce memory usage. Loaded Objects now: 3664.
Total: 7.488700 ms (FindLiveObjects: 1.315300 ms CreateObjectMapping: 0.406500 ms MarkObjects: 5.606500 ms  DeleteObjects: 0.157300 ms)

AssetImportParameters requested are different than current active one (requested -> active):
  custom:graphics/normal-map-encoding: 01000000000000000000000000000000 -> 02000000000000000000000000000000
========================================================================
Received Import Request.
  Time since last request: 327.116974 seconds.
  path: Assets/Sounds/menu.mp3
  artifactKey: Guid(1f4d871bdbeadf24e915e25327631997) Importer(815301076,1909f56bfc062723c751e8b465ee728b)
Start importing Assets/Sounds/menu.mp3 using Guid(1f4d871bdbeadf24e915e25327631997) Importer(815301076,1909f56bfc062723c751e8b465ee728b)  -> (artifact id: 'c38aca3a81a126e65471e8ad1be59789') in 0.126548 seconds 
========================================================================
Received Prepare
Registering precompiled user dll's ...
Registered in 0.026833 seconds.
Begin MonoManager ReloadAssembly
Native extension for WindowsStandalone target not found
Native extension for WebGL target not found
Refreshing native plugins compatible for Editor in 1.83 ms, found 1 plugins.
Preloading 0 native plugins for Editor in 0.00 ms.
Mono: successfully reloaded assembly
- Completed reload, in  7.959 seconds
Platform modules already initialized, skipping
Switching build target platform(19) subTarget(0) extendedPlatform(0) -> platform(13) subTarget(537395200) extendedPlatform(0)
Refreshing native plugins compatible for Editor in 4.22 ms, found 1 plugins.
Preloading 0 native plugins for Editor in 0.00 ms.
Unloading 3204 Unused Serialized files (Serialized files now loaded: 0)
System memory in use before: 127.2 MB.
System memory in use after: 127.4 MB.

Unloading 34 unused Assets to reduce memory usage. Loaded Objects now: 3668.
Total: 6.791200 ms (FindLiveObjects: 0.426700 ms CreateObjectMapping: 0.399400 ms MarkObjects: 5.841100 ms  DeleteObjects: 0.121000 ms)

AssetImportParameters requested are different than current active one (requested -> active):
  custom:graphics/normal-map-encoding: 01000000000000000000000000000000 -> 02000000000000000000000000000000
========================================================================
Received Import Request.
  Time since last request: 618.693261 seconds.
  path: Assets/menu_bg.jpg
  artifactKey: Guid(65cb2c5d7b0fdc44d9c229fa5d4b7fdb) Importer(815301076,1909f56bfc062723c751e8b465ee728b)
Start importing Assets/menu_bg.jpg using Guid(65cb2c5d7b0fdc44d9c229fa5d4b7fdb) Importer(815301076,1909f56bfc062723c751e8b465ee728b)  -> (artifact id: '2415c50b743e9d46b6dd057cf18f1d24') in 0.411083 seconds 
========================================================================
Received Import Request.
  Time since last request: 33.151074 seconds.
  path: Assets/menu_bg.jpg
  artifactKey: Guid(65cb2c5d7b0fdc44d9c229fa5d4b7fdb) Importer(815301076,1909f56bfc062723c751e8b465ee728b)
Start importing Assets/menu_bg.jpg using Guid(65cb2c5d7b0fdc44d9c229fa5d4b7fdb) Importer(815301076,1909f56bfc062723c751e8b465ee728b)  -> (artifact id: 'ab7f1eb60ea34363de265d3a2ff73a03') in 0.216170 seconds 
========================================================================
Received Import Request.
  Time since last request: 414.074470 seconds.
  path: Assets/Scenes/Fase1.unity
  artifactKey: Guid(82bb2d16c01994c4aa116fd3d9052494) Importer(815301076,1909f56bfc062723c751e8b465ee728b)
Start importing Assets/Scenes/Fase1.unity using Guid(82bb2d16c01994c4aa116fd3d9052494) Importer(815301076,1909f56bfc062723c751e8b465ee728b)  -> (artifact id: '80a602a2febb03210846d8374a8b4171') in 0.075484 seconds 
========================================================================
Received Prepare
Registering precompiled user dll's ...
Registered in 0.016961 seconds.
Begin MonoManager ReloadAssembly
Native extension for WindowsStandalone target not found
Native extension for WebGL target not found
Refreshing native plugins compatible for Editor in 2.04 ms, found 1 plugins.
Preloading 0 native plugins for Editor in 0.00 ms.
Mono: successfully reloaded assembly
- Completed reload, in  9.499 seconds
Platform modules already initialized, skipping
Switching build target platform(19) subTarget(0) extendedPlatform(0) -> platform(13) subTarget(537395200) extendedPlatform(0)
Refreshing native plugins compatible for Editor in 2.04 ms, found 1 plugins.
Preloading 0 native plugins for Editor in 0.00 ms.
Unloading 3205 Unused Serialized files (Serialized files now loaded: 0)
System memory in use before: 129.5 MB.
System memory in use after: 129.7 MB.

Unloading 34 unused Assets to reduce memory usage. Loaded Objects now: 3705.
Total: 6.730200 ms (FindLiveObjects: 0.490100 ms CreateObjectMapping: 0.343800 ms MarkObjects: 5.680700 ms  DeleteObjects: 0.211800 ms)

AssetImportParameters requested are different than current active one (requested -> active):
  custom:graphics/normal-map-encoding: 01000000000000000000000000000000 -> 02000000000000000000000000000000
========================================================================
Received Prepare
Registering precompiled user dll's ...
Registered in 0.022376 seconds.
Begin MonoManager ReloadAssembly
Native extension for WindowsStandalone target not found
Native extension for WebGL target not found
Refreshing native plugins compatible for Editor in 2.01 ms, found 1 plugins.
Preloading 0 native plugins for Editor in 0.00 ms.
Mono: successfully reloaded assembly
- Completed reload, in  4.605 seconds
Platform modules already initialized, skipping
Switching build target platform(19) subTarget(0) extendedPlatform(0) -> platform(13) subTarget(537395200) extendedPlatform(0)
Refreshing native plugins compatible for Editor in 1.14 ms, found 1 plugins.
Preloading 0 native plugins for Editor in 0.00 ms.
Unloading 3204 Unused Serialized files (Serialized files now loaded: 0)
System memory in use before: 129.4 MB.
System memory in use after: 129.7 MB.

Unloading 34 unused Assets to reduce memory usage. Loaded Objects now: 3708.
Total: 6.061500 ms (FindLiveObjects: 0.430800 ms CreateObjectMapping: 0.346200 ms MarkObjects: 5.187200 ms  DeleteObjects: 0.095400 ms)

AssetImportParameters requested are different than current active one (requested -> active):
  custom:graphics/normal-map-encoding: 01000000000000000000000000000000 -> 02000000000000000000000000000000
========================================================================
Received Prepare
Refreshing native plugins compatible for Editor in 19.63 ms, found 1 plugins.
Preloading 0 native plugins for Editor in 0.00 ms.
Unloading 32 Unused Serialized files (Serialized files now loaded: 0)
System memory in use before: 66.8 MB.
System memory in use after: 67.0 MB.

Unloading 32 unused Assets to reduce memory usage. Loaded Objects now: 3708.
Total: 9.514800 ms (FindLiveObjects: 0.633900 ms CreateObjectMapping: 0.372100 ms MarkObjects: 8.225800 ms  DeleteObjects: 0.279100 ms)

========================================================================
Received Import Request.
  Time since last request: 2619.702443 seconds.
  path: Assets/Scenes/Fase1
  artifactKey: Guid(da04647519527cb4d80707ac9bad5cf6) Importer(815301076,1909f56bfc062723c751e8b465ee728b)
Start importing Assets/Scenes/Fase1 using Guid(da04647519527cb4d80707ac9bad5cf6) Importer(815301076,1909f56bfc062723c751e8b465ee728b)  -> (artifact id: '02b339a62a248f0992f98ca0e49fa06b') in 0.103923 seconds 
========================================================================
Received Prepare
Refreshing native plugins compatible for Editor in 36.70 ms, found 1 plugins.
Preloading 0 native plugins for Editor in 0.00 ms.
Unloading 32 Unused Serialized files (Serialized files now loaded: 0)
System memory in use before: 66.8 MB.
System memory in use after: 67.0 MB.

Unloading 32 unused Assets to reduce memory usage. Loaded Objects now: 3708.
Total: 22.079300 ms (FindLiveObjects: 0.716900 ms CreateObjectMapping: 0.514300 ms MarkObjects: 20.624200 ms  DeleteObjects: 0.220600 ms)

AssetImportWorkerClient::OnTransportError - code=2 error=End of file
